2020-09-01 00:19:30,620 INFO logger logging started
2020-09-01 00:20:37,709 INFO logger logging started
2020-09-01 00:21:02,753 INFO logger logging started
2020-09-01 00:21:22,978 INFO server_class Получен запрос на соединение с ('127.0.0.1', 57794)
2020-09-01 00:22:31,838 DEBUG server_class data = {"action": "introduce", "time": "Tue Sep  1 00:21:21 2020", "to": "all", "from_user": "alex", "message": "qweqweqwe"}
2020-09-01 00:24:30,305 DEBUG server_class data = 
2020-09-01 00:24:30,406 DEBUG server_class data = 
2020-09-01 00:24:30,506 DEBUG server_class data = 
2020-09-01 00:24:30,508 INFO server_class Получен запрос на соединение с ('127.0.0.1', 57826)
2020-09-01 00:24:30,508 DEBUG server_class data = 
2020-09-01 00:24:30,609 DEBUG server_class data = 
2020-09-01 00:24:30,710 DEBUG server_class data = 
2020-09-01 00:24:30,810 DEBUG server_class data = 
2020-09-01 00:24:30,911 DEBUG server_class data = 
2020-09-01 00:24:31,012 DEBUG server_class data = 
2020-09-01 00:24:31,113 DEBUG server_class data = 
2020-09-01 00:24:31,214 DEBUG server_class data = 
2020-09-01 00:24:31,314 DEBUG server_class data = 
2020-09-01 00:24:31,415 DEBUG server_class data = 
2020-09-01 00:24:31,516 DEBUG server_class data = 
2020-09-01 00:24:31,617 DEBUG server_class data = 
2020-09-01 00:24:31,718 DEBUG server_class data = 
2020-09-01 00:24:31,819 DEBUG server_class data = 
2020-09-01 00:24:31,919 DEBUG server_class data = 
2020-09-01 00:24:32,020 DEBUG server_class data = 
2020-09-01 00:24:32,121 DEBUG server_class data = 
2020-09-01 00:24:32,222 DEBUG server_class data = 
2020-09-01 00:24:32,322 DEBUG server_class data = 
2020-09-01 00:24:32,423 DEBUG server_class data = 
2020-09-01 00:24:32,524 DEBUG server_class data = 
2020-09-01 00:24:32,624 DEBUG server_class data = 
2020-09-01 00:24:32,725 DEBUG server_class data = 
2020-09-01 00:24:32,826 DEBUG server_class data = 
2020-09-01 00:24:32,926 DEBUG server_class data = 
2020-09-01 00:24:33,027 DEBUG server_class data = 
2020-09-01 00:24:33,128 DEBUG server_class data = 
2020-09-01 00:24:33,229 DEBUG server_class data = 
2020-09-01 00:24:33,330 DEBUG server_class data = 
2020-09-01 00:24:33,430 DEBUG server_class data = 
2020-09-01 00:24:33,531 DEBUG server_class data = 
2020-09-01 00:24:33,632 DEBUG server_class data = 
2020-09-01 00:24:33,733 DEBUG server_class data = 
2020-09-01 00:24:33,834 DEBUG server_class data = 
2020-09-01 00:24:33,934 DEBUG server_class data = 
2020-09-01 00:24:34,035 DEBUG server_class data = 
2020-09-01 00:24:34,136 DEBUG server_class data = 
2020-09-01 00:24:34,237 DEBUG server_class data = 
2020-09-01 00:24:34,338 DEBUG server_class data = 
2020-09-01 00:24:34,438 DEBUG server_class data = 
2020-09-01 00:24:34,539 DEBUG server_class data = 
2020-09-01 00:24:34,640 DEBUG server_class data = 
2020-09-01 00:24:34,741 DEBUG server_class data = 
2020-09-01 00:24:34,841 DEBUG server_class data = 
2020-09-01 00:24:34,942 DEBUG server_class data = 
2020-09-01 00:24:35,043 DEBUG server_class data = 
2020-09-01 00:24:35,143 DEBUG server_class data = 
2020-09-01 00:24:35,244 DEBUG server_class data = 
2020-09-01 00:24:35,345 DEBUG server_class data = 
2020-09-01 00:24:35,446 DEBUG server_class data = 
2020-09-01 00:24:35,546 DEBUG server_class data = 
2020-09-01 00:24:35,647 DEBUG server_class data = 
2020-09-01 00:24:35,748 DEBUG server_class data = 
2020-09-01 00:24:35,849 DEBUG server_class data = 
2020-09-01 00:24:35,949 DEBUG server_class data = 
2020-09-01 00:24:36,050 DEBUG server_class data = 
2020-09-01 00:24:36,151 DEBUG server_class data = 
2020-09-01 00:24:36,252 DEBUG server_class data = 
2020-09-01 00:24:36,353 DEBUG server_class data = 
2020-09-01 00:24:36,453 DEBUG server_class data = 
2020-09-01 00:24:36,554 DEBUG server_class data = 
2020-09-01 00:24:36,655 DEBUG server_class data = 
2020-09-01 00:24:36,756 DEBUG server_class data = 
2020-09-01 00:24:36,856 DEBUG server_class data = 
2020-09-01 00:24:36,957 DEBUG server_class data = 
2020-09-01 00:24:37,058 DEBUG server_class data = 
2020-09-01 00:24:37,159 DEBUG server_class data = 
2020-09-01 00:24:37,260 DEBUG server_class data = 
2020-09-01 00:24:37,360 DEBUG server_class data = 
2020-09-01 00:24:37,461 DEBUG server_class data = 
2020-09-01 00:24:37,561 DEBUG server_class data = 
2020-09-01 00:24:37,662 DEBUG server_class data = 
2020-09-01 00:24:37,763 DEBUG server_class data = 
2020-09-01 00:24:37,863 DEBUG server_class data = 
2020-09-01 00:24:37,964 DEBUG server_class data = 
2020-09-01 00:24:38,065 DEBUG server_class data = 
2020-09-01 00:24:38,166 DEBUG server_class data = 
2020-09-01 00:24:38,266 DEBUG server_class data = 
2020-09-01 00:24:38,367 DEBUG server_class data = 
2020-09-01 00:24:38,468 DEBUG server_class data = 
2020-09-01 00:24:38,568 DEBUG server_class data = 
2020-09-01 00:24:38,669 DEBUG server_class data = 
2020-09-01 00:24:38,770 DEBUG server_class data = 
2020-09-01 00:24:38,871 DEBUG server_class data = 
2020-09-01 00:24:38,971 DEBUG server_class data = 
2020-09-01 00:24:39,072 DEBUG server_class data = 
2020-09-01 00:24:39,173 DEBUG server_class data = 
2020-09-01 00:24:39,274 DEBUG server_class data = 
2020-09-01 00:24:39,274 DEBUG server_class data = 
2020-09-01 00:24:39,375 DEBUG server_class data = 
2020-09-01 00:24:39,375 DEBUG server_class data = 
2020-09-01 00:24:39,476 DEBUG server_class data = 
2020-09-01 00:24:39,477 DEBUG server_class data = 
2020-09-01 00:24:39,577 DEBUG server_class data = 
2020-09-01 00:24:39,578 DEBUG server_class data = 
2020-09-01 00:24:39,678 DEBUG server_class data = 
2020-09-01 00:24:39,678 DEBUG server_class data = 
2020-09-01 00:24:39,779 DEBUG server_class data = 
2020-09-01 00:24:39,780 DEBUG server_class data = 
2020-09-01 00:24:39,880 DEBUG server_class data = 
2020-09-01 00:24:39,881 DEBUG server_class data = 
2020-09-01 00:24:39,982 DEBUG server_class data = 
2020-09-01 00:24:39,982 DEBUG server_class data = 
2020-09-01 00:24:40,083 DEBUG server_class data = 
2020-09-01 00:24:40,083 DEBUG server_class data = 
2020-09-01 00:24:40,184 DEBUG server_class data = 
2020-09-01 00:24:40,185 DEBUG server_class data = 
2020-09-01 00:24:40,285 DEBUG server_class data = 
2020-09-01 00:24:40,286 DEBUG server_class data = 
2020-09-01 00:24:40,387 DEBUG server_class data = 
2020-09-01 00:24:40,387 DEBUG server_class data = 
2020-09-01 00:24:40,488 DEBUG server_class data = 
2020-09-01 00:24:40,488 DEBUG server_class data = 
2020-09-01 00:24:40,589 DEBUG server_class data = 
2020-09-01 00:24:40,590 DEBUG server_class data = 
2020-09-01 00:24:40,690 DEBUG server_class data = 
2020-09-01 00:24:40,691 DEBUG server_class data = 
2020-09-01 00:24:40,792 DEBUG server_class data = 
2020-09-01 00:24:40,792 DEBUG server_class data = 
2020-09-01 00:24:40,893 DEBUG server_class data = 
2020-09-01 00:24:40,894 DEBUG server_class data = 
2020-09-01 00:24:41,008 DEBUG server_class data = 
2020-09-01 00:24:41,009 DEBUG server_class data = 
2020-09-01 00:24:41,110 DEBUG server_class data = 
2020-09-01 00:24:41,110 DEBUG server_class data = 
2020-09-01 00:24:41,211 DEBUG server_class data = 
2020-09-01 00:24:41,211 DEBUG server_class data = 
2020-09-01 00:24:41,312 DEBUG server_class data = 
2020-09-01 00:24:41,312 DEBUG server_class data = 
2020-09-01 00:24:41,413 DEBUG server_class data = 
2020-09-01 00:24:41,414 DEBUG server_class data = 
2020-09-01 00:24:41,514 DEBUG server_class data = 
2020-09-01 00:24:41,515 DEBUG server_class data = 
2020-09-01 00:24:41,615 DEBUG server_class data = 
2020-09-01 00:24:41,616 DEBUG server_class data = 
2020-09-01 00:24:41,717 DEBUG server_class data = 
2020-09-01 00:24:41,717 DEBUG server_class data = 
2020-09-01 00:24:41,818 DEBUG server_class data = 
2020-09-01 00:24:41,819 DEBUG server_class data = 
2020-09-01 00:24:41,919 DEBUG server_class data = 
2020-09-01 00:24:41,920 DEBUG server_class data = 
2020-09-01 00:24:42,020 DEBUG server_class data = 
2020-09-01 00:24:42,021 DEBUG server_class data = 
2020-09-01 00:24:42,043 DEBUG server_class data = 
2020-09-01 00:24:42,043 DEBUG server_class data = 
2020-09-01 00:26:31,799 INFO logger logging started
2020-09-01 00:26:52,049 INFO server_class Получен запрос на соединение с ('127.0.0.1', 57850)
2020-09-01 00:27:03,775 DEBUG server_class data = {"action": "introduce", "time": "Tue Sep  1 00:26:39 2020", "to": "all", "from_user": "alex", "message": "asdasd"}
2020-09-01 00:27:36,420 INFO logger logging started
2020-09-01 00:27:40,399 INFO logger logging started
2020-09-01 00:28:14,365 INFO logger logging started
2020-09-01 00:28:41,984 INFO logger logging started
2020-09-01 00:30:23,209 INFO server_class Получен запрос на соединение с ('127.0.0.1', 57966)
2020-09-01 00:36:03,559 INFO logger logging started
2020-09-01 00:36:54,235 INFO server_class Получен запрос на соединение с ('127.0.0.1', 57992)
2020-09-01 00:37:59,818 INFO logger logging started
2020-09-01 00:38:08,177 INFO logger logging started
2020-09-01 00:38:18,499 INFO logger logging started
2020-09-01 00:38:52,922 INFO logger logging started
2020-09-01 00:39:43,619 INFO server_class Получен запрос на соединение с ('127.0.0.1', 58076)
2020-09-01 00:39:43,620 DEBUG server_class data = {"action": "introduce", "time": "Tue Sep  1 00:39:00 2020", "to": "all", "from_user": "alex", "message": "asd"}
2020-09-01 00:39:44,121 DEBUG server_class data = 
2020-09-01 00:41:07,074 INFO logger logging started
2020-09-01 00:41:57,752 INFO server_class Получен запрос на соединение с ('127.0.0.1', 58106)
2020-09-01 00:41:57,753 DEBUG server_class data = 
2020-09-01 00:41:57,753 INFO server_class Получен запрос на соединение с ('127.0.0.1', 58108)
2020-09-01 00:41:57,753 DEBUG server_class data = 
2020-09-01 00:41:57,754 DEBUG server_class data = 
2020-09-01 00:41:58,255 DEBUG server_class data = 
2020-09-01 00:41:58,255 DEBUG server_class data = 
2020-09-01 00:41:58,756 DEBUG server_class data = 
2020-09-01 00:41:58,756 DEBUG server_class data = 
2020-09-01 00:41:59,257 DEBUG server_class data = 
2020-09-01 00:41:59,257 DEBUG server_class data = 
2020-09-01 00:41:59,758 DEBUG server_class data = 
2020-09-01 00:41:59,759 DEBUG server_class data = 
2020-09-01 00:42:00,259 DEBUG server_class data = 
2020-09-01 00:42:00,260 DEBUG server_class data = 
2020-09-01 00:42:00,761 DEBUG server_class data = 
2020-09-01 00:42:00,762 DEBUG server_class data = 
2020-09-01 00:42:01,263 DEBUG server_class data = 
2020-09-01 00:42:01,263 DEBUG server_class data = 
2020-09-01 00:42:01,765 DEBUG server_class data = 
2020-09-01 00:42:01,765 DEBUG server_class data = 
2020-09-01 00:42:02,266 DEBUG server_class data = 
2020-09-01 00:42:02,266 DEBUG server_class data = 
2020-09-01 00:42:02,767 DEBUG server_class data = 
2020-09-01 00:42:02,767 DEBUG server_class data = 
2020-09-01 00:42:03,268 DEBUG server_class data = 
2020-09-01 00:42:03,269 DEBUG server_class data = 
2020-09-01 00:42:03,770 DEBUG server_class data = 
2020-09-01 00:42:03,770 DEBUG server_class data = 
2020-09-01 00:42:04,271 DEBUG server_class data = 
2020-09-01 00:42:04,271 DEBUG server_class data = 
2020-09-01 00:42:04,772 DEBUG server_class data = 
2020-09-01 00:42:04,773 DEBUG server_class data = 
2020-09-01 00:42:05,273 DEBUG server_class data = 
2020-09-01 00:42:05,274 DEBUG server_class data = 
2020-09-01 00:42:05,775 DEBUG server_class data = 
2020-09-01 00:42:05,775 DEBUG server_class data = 
2020-09-01 00:42:06,275 DEBUG server_class data = 
2020-09-01 00:42:06,276 DEBUG server_class data = 
2020-09-01 00:42:06,777 DEBUG server_class data = 
2020-09-01 00:42:06,777 DEBUG server_class data = 
2020-09-01 00:42:07,278 DEBUG server_class data = 
2020-09-01 00:42:07,279 DEBUG server_class data = 
2020-09-01 00:42:07,780 DEBUG server_class data = 
2020-09-01 00:42:07,780 DEBUG server_class data = 
2020-09-01 00:42:08,281 DEBUG server_class data = 
2020-09-01 00:42:08,282 DEBUG server_class data = 
2020-09-01 00:42:08,783 DEBUG server_class data = 
2020-09-01 00:42:08,783 DEBUG server_class data = 
2020-09-01 00:42:09,284 DEBUG server_class data = 
2020-09-01 00:42:09,285 DEBUG server_class data = 
2020-09-01 00:42:09,786 DEBUG server_class data = 
2020-09-01 00:42:09,787 DEBUG server_class data = 
2020-09-01 00:42:10,288 DEBUG server_class data = 
2020-09-01 00:42:10,288 DEBUG server_class data = 
2020-09-01 00:42:10,789 DEBUG server_class data = 
2020-09-01 00:42:10,790 DEBUG server_class data = 
2020-09-01 00:42:11,291 DEBUG server_class data = 
2020-09-01 00:42:11,291 DEBUG server_class data = 
2020-09-01 00:42:11,793 DEBUG server_class data = 
2020-09-01 00:42:11,793 DEBUG server_class data = 
2020-09-01 00:42:12,294 DEBUG server_class data = 
2020-09-01 00:42:12,295 DEBUG server_class data = 
2020-09-01 00:42:12,796 DEBUG server_class data = 
2020-09-01 00:42:12,797 DEBUG server_class data = 
2020-09-01 00:42:13,298 DEBUG server_class data = 
2020-09-01 00:42:13,298 DEBUG server_class data = 
2020-09-01 00:42:13,799 DEBUG server_class data = 
2020-09-01 00:42:13,800 DEBUG server_class data = 
2020-09-01 00:42:14,301 DEBUG server_class data = 
2020-09-01 00:42:14,302 DEBUG server_class data = 
2020-09-01 00:42:14,803 DEBUG server_class data = 
2020-09-01 00:42:14,803 DEBUG server_class data = 
2020-09-01 00:42:15,304 DEBUG server_class data = 
2020-09-01 00:42:15,305 DEBUG server_class data = 
2020-09-01 00:42:15,806 DEBUG server_class data = 
2020-09-01 00:42:15,807 DEBUG server_class data = 
2020-09-01 00:42:16,308 DEBUG server_class data = 
2020-09-01 00:42:16,309 DEBUG server_class data = 
2020-09-01 00:42:16,810 DEBUG server_class data = 
2020-09-01 00:42:16,810 DEBUG server_class data = 
2020-09-01 00:42:17,311 DEBUG server_class data = 
2020-09-01 00:42:17,311 DEBUG server_class data = 
2020-09-01 00:42:17,812 DEBUG server_class data = 
2020-09-01 00:42:17,812 DEBUG server_class data = 
2020-09-01 00:42:18,314 DEBUG server_class data = 
2020-09-01 00:42:18,314 DEBUG server_class data = 
2020-09-01 00:42:18,815 DEBUG server_class data = 
2020-09-01 00:42:18,816 DEBUG server_class data = 
2020-09-01 00:42:19,317 DEBUG server_class data = 
2020-09-01 00:42:19,318 DEBUG server_class data = 
2020-09-01 00:42:19,819 DEBUG server_class data = 
2020-09-01 00:42:19,820 DEBUG server_class data = 
2020-09-01 00:42:20,321 DEBUG server_class data = 
2020-09-01 00:42:20,321 DEBUG server_class data = 
2020-09-01 00:42:20,822 DEBUG server_class data = 
2020-09-01 00:42:20,823 DEBUG server_class data = 
2020-09-01 00:42:21,324 DEBUG server_class data = 
2020-09-01 00:42:21,324 DEBUG server_class data = 
2020-09-01 00:42:21,826 DEBUG server_class data = 
2020-09-01 00:42:21,826 DEBUG server_class data = 
2020-09-01 00:42:22,327 DEBUG server_class data = 
2020-09-01 00:42:22,328 DEBUG server_class data = 
2020-09-01 00:42:22,829 DEBUG server_class data = 
2020-09-01 00:42:22,830 DEBUG server_class data = 
2020-09-01 00:42:23,331 DEBUG server_class data = 
2020-09-01 00:42:23,332 DEBUG server_class data = 
2020-09-01 00:42:23,833 DEBUG server_class data = 
2020-09-01 00:42:23,833 DEBUG server_class data = 
2020-09-01 00:42:24,335 DEBUG server_class data = 
2020-09-01 00:42:24,335 DEBUG server_class data = 
2020-09-01 00:42:24,836 DEBUG server_class data = 
2020-09-01 00:42:24,837 DEBUG server_class data = 
2020-09-01 00:42:25,338 DEBUG server_class data = 
2020-09-01 00:42:25,339 DEBUG server_class data = 
2020-09-01 00:42:25,840 DEBUG server_class data = 
2020-09-01 00:42:25,840 DEBUG server_class data = 
2020-09-01 00:42:26,342 DEBUG server_class data = 
2020-09-01 00:42:26,342 DEBUG server_class data = 
2020-09-01 00:42:26,843 DEBUG server_class data = 
2020-09-01 00:42:26,844 DEBUG server_class data = 
2020-09-01 00:42:27,345 DEBUG server_class data = 
2020-09-01 00:42:27,345 DEBUG server_class data = 
2020-09-01 00:42:27,846 DEBUG server_class data = 
2020-09-01 00:42:27,847 DEBUG server_class data = 
2020-09-01 00:42:28,348 DEBUG server_class data = 
2020-09-01 00:42:28,348 DEBUG server_class data = 
2020-09-01 00:42:28,849 DEBUG server_class data = 
2020-09-01 00:42:28,850 DEBUG server_class data = 
2020-09-01 00:42:29,351 DEBUG server_class data = 
2020-09-01 00:42:29,351 DEBUG server_class data = 
2020-09-01 00:42:29,852 DEBUG server_class data = 
2020-09-01 00:42:29,852 DEBUG server_class data = 
2020-09-01 00:42:30,353 DEBUG server_class data = 
2020-09-01 00:42:30,353 DEBUG server_class data = 
2020-09-01 00:42:30,854 DEBUG server_class data = 
2020-09-01 00:42:30,855 DEBUG server_class data = 
2020-09-01 00:42:31,355 DEBUG server_class data = 
2020-09-01 00:42:31,356 DEBUG server_class data = 
2020-09-01 00:42:31,857 DEBUG server_class data = 
2020-09-01 00:42:31,857 DEBUG server_class data = 
2020-09-01 00:42:32,358 DEBUG server_class data = 
2020-09-01 00:42:32,358 DEBUG server_class data = 
2020-09-01 00:42:32,860 DEBUG server_class data = 
2020-09-01 00:42:32,860 DEBUG server_class data = 
2020-09-01 00:42:33,361 DEBUG server_class data = 
2020-09-01 00:42:33,361 DEBUG server_class data = 
2020-09-01 00:42:33,862 DEBUG server_class data = 
2020-09-01 00:42:33,862 DEBUG server_class data = 
2020-09-01 00:42:34,363 DEBUG server_class data = 
2020-09-01 00:42:34,364 DEBUG server_class data = 
2020-09-01 00:42:34,865 DEBUG server_class data = 
2020-09-01 00:42:34,865 DEBUG server_class data = 
2020-09-01 00:42:35,367 DEBUG server_class data = 
2020-09-01 00:42:35,367 DEBUG server_class data = 
2020-09-01 00:42:35,868 DEBUG server_class data = 
2020-09-01 00:42:35,869 DEBUG server_class data = 
2020-09-01 00:42:36,370 DEBUG server_class data = 
2020-09-01 00:42:36,371 DEBUG server_class data = 
2020-09-01 00:42:36,872 DEBUG server_class data = 
2020-09-01 00:42:36,873 DEBUG server_class data = 
2020-09-01 00:42:37,374 DEBUG server_class data = 
2020-09-01 00:42:37,375 DEBUG server_class data = 
2020-09-01 00:42:37,876 DEBUG server_class data = 
2020-09-01 00:42:37,877 DEBUG server_class data = 
2020-09-01 00:42:38,378 DEBUG server_class data = 
2020-09-01 00:42:38,378 DEBUG server_class data = 
2020-09-01 00:42:38,879 DEBUG server_class data = 
2020-09-01 00:42:38,879 DEBUG server_class data = 
2020-09-01 00:42:39,380 DEBUG server_class data = 
2020-09-01 00:42:39,381 DEBUG server_class data = 
2020-09-01 00:42:39,882 DEBUG server_class data = 
2020-09-01 00:42:39,883 DEBUG server_class data = 
2020-09-01 00:42:40,384 DEBUG server_class data = 
2020-09-01 00:42:40,385 DEBUG server_class data = 
2020-09-01 00:42:40,886 DEBUG server_class data = 
2020-09-01 00:42:40,886 DEBUG server_class data = 
2020-09-01 00:42:41,388 DEBUG server_class data = 
2020-09-01 00:42:41,388 DEBUG server_class data = 
2020-09-01 00:42:41,889 DEBUG server_class data = 
2020-09-01 00:42:41,890 DEBUG server_class data = 
2020-09-01 00:42:42,391 DEBUG server_class data = 
2020-09-01 00:42:42,392 DEBUG server_class data = 
2020-09-01 00:42:42,892 DEBUG server_class data = 
2020-09-01 00:42:42,893 DEBUG server_class data = 
2020-09-01 00:42:43,394 DEBUG server_class data = 
2020-09-01 00:42:43,394 DEBUG server_class data = 
2020-09-01 00:42:43,895 DEBUG server_class data = 
2020-09-01 00:42:43,896 DEBUG server_class data = 
2020-09-01 00:42:44,397 DEBUG server_class data = 
2020-09-01 00:42:44,397 DEBUG server_class data = 
2020-09-01 00:42:44,898 DEBUG server_class data = 
2020-09-01 00:42:44,899 DEBUG server_class data = 
2020-09-01 00:42:45,399 DEBUG server_class data = 
2020-09-01 00:42:45,400 DEBUG server_class data = 
2020-09-01 00:42:45,901 DEBUG server_class data = 
2020-09-01 00:42:45,901 DEBUG server_class data = 
2020-09-01 00:42:46,402 DEBUG server_class data = 
2020-09-01 00:42:46,402 DEBUG server_class data = 
2020-09-01 00:42:46,903 DEBUG server_class data = 
2020-09-01 00:42:46,904 DEBUG server_class data = 
2020-09-01 00:42:47,405 DEBUG server_class data = 
2020-09-01 00:42:47,405 DEBUG server_class data = 
2020-09-01 00:42:47,906 DEBUG server_class data = 
2020-09-01 00:42:47,906 DEBUG server_class data = 
2020-09-01 00:42:48,407 DEBUG server_class data = 
2020-09-01 00:42:48,407 DEBUG server_class data = 
2020-09-01 00:42:48,908 DEBUG server_class data = 
2020-09-01 00:42:48,908 DEBUG server_class data = 
2020-09-01 00:42:49,409 DEBUG server_class data = 
2020-09-01 00:42:49,410 DEBUG server_class data = 
2020-09-01 00:42:49,911 DEBUG server_class data = 
2020-09-01 00:42:49,912 DEBUG server_class data = 
2020-09-01 00:42:50,412 DEBUG server_class data = 
2020-09-01 00:42:50,413 DEBUG server_class data = 
2020-09-01 00:42:50,914 DEBUG server_class data = 
2020-09-01 00:42:50,914 DEBUG server_class data = 
2020-09-01 00:42:51,415 DEBUG server_class data = 
2020-09-01 00:42:51,415 DEBUG server_class data = 
2020-09-01 00:42:51,916 DEBUG server_class data = 
2020-09-01 00:42:51,917 DEBUG server_class data = 
2020-09-01 00:42:52,418 DEBUG server_class data = 
2020-09-01 00:42:52,418 DEBUG server_class data = 
2020-09-01 00:42:52,919 DEBUG server_class data = 
2020-09-01 00:42:52,920 DEBUG server_class data = 
2020-09-01 00:42:53,421 DEBUG server_class data = 
2020-09-01 00:42:53,422 DEBUG server_class data = 
2020-09-01 00:42:53,923 DEBUG server_class data = 
2020-09-01 00:42:53,923 DEBUG server_class data = 
2020-09-01 00:42:54,424 DEBUG server_class data = 
2020-09-01 00:42:54,425 DEBUG server_class data = 
2020-09-01 00:42:54,926 DEBUG server_class data = 
2020-09-01 00:42:54,927 DEBUG server_class data = 
2020-09-01 00:42:55,428 DEBUG server_class data = 
2020-09-01 00:42:55,428 DEBUG server_class data = 
2020-09-01 00:42:55,929 DEBUG server_class data = 
2020-09-01 00:42:55,930 DEBUG server_class data = 
2020-09-01 00:42:56,431 DEBUG server_class data = 
2020-09-01 00:42:56,431 DEBUG server_class data = 
2020-09-01 00:42:56,932 DEBUG server_class data = 
2020-09-01 00:42:56,933 DEBUG server_class data = 
2020-09-01 00:42:57,433 DEBUG server_class data = 
2020-09-01 00:42:57,434 DEBUG server_class data = 
2020-09-01 00:42:57,935 DEBUG server_class data = 
2020-09-01 00:42:57,936 DEBUG server_class data = 
2020-09-01 00:42:58,437 DEBUG server_class data = 
2020-09-01 00:42:58,437 DEBUG server_class data = 
2020-09-01 00:42:58,939 DEBUG server_class data = 
2020-09-01 00:42:58,940 DEBUG server_class data = 
2020-09-01 00:42:59,441 DEBUG server_class data = 
2020-09-01 00:42:59,441 DEBUG server_class data = 
2020-09-01 00:42:59,942 DEBUG server_class data = 
2020-09-01 00:42:59,942 DEBUG server_class data = 
2020-09-01 00:43:00,443 DEBUG server_class data = 
2020-09-01 00:43:00,443 DEBUG server_class data = 
2020-09-01 00:43:00,944 DEBUG server_class data = 
2020-09-01 00:43:00,944 DEBUG server_class data = 
2020-09-01 00:43:01,445 DEBUG server_class data = 
2020-09-01 00:43:01,446 DEBUG server_class data = 
2020-09-01 00:43:01,946 DEBUG server_class data = 
2020-09-01 00:43:01,947 DEBUG server_class data = 
2020-09-01 00:43:02,447 DEBUG server_class data = 
2020-09-01 00:43:02,448 DEBUG server_class data = 
2020-09-01 00:43:02,949 DEBUG server_class data = 
2020-09-01 00:43:02,949 DEBUG server_class data = 
2020-09-01 00:43:03,450 DEBUG server_class data = 
2020-09-01 00:43:03,451 DEBUG server_class data = 
2020-09-01 00:43:03,952 DEBUG server_class data = 
2020-09-01 00:43:03,952 DEBUG server_class data = 
2020-09-01 00:43:04,453 DEBUG server_class data = 
2020-09-01 00:43:04,454 DEBUG server_class data = 
2020-09-01 00:43:04,954 DEBUG server_class data = 
2020-09-01 00:43:04,955 DEBUG server_class data = 
2020-09-01 00:43:05,456 DEBUG server_class data = 
2020-09-01 00:43:05,456 DEBUG server_class data = 
2020-09-01 00:43:05,957 DEBUG server_class data = 
2020-09-01 00:43:05,957 DEBUG server_class data = 
2020-09-01 00:43:06,458 DEBUG server_class data = 
2020-09-01 00:43:06,459 DEBUG server_class data = 
2020-09-01 00:43:06,960 DEBUG server_class data = 
2020-09-01 00:43:06,960 DEBUG server_class data = 
2020-09-01 00:43:07,461 DEBUG server_class data = 
2020-09-01 00:43:07,461 DEBUG server_class data = 
2020-09-01 00:43:07,962 DEBUG server_class data = 
2020-09-01 00:43:07,962 DEBUG server_class data = 
2020-09-01 00:43:08,463 DEBUG server_class data = 
2020-09-01 00:43:08,464 DEBUG server_class data = 
2020-09-01 00:43:08,965 DEBUG server_class data = 
2020-09-01 00:43:08,965 DEBUG server_class data = 
2020-09-01 00:43:09,466 DEBUG server_class data = 
2020-09-01 00:43:09,467 DEBUG server_class data = 
2020-09-01 00:43:09,968 DEBUG server_class data = 
2020-09-01 00:43:09,969 DEBUG server_class data = 
2020-09-01 00:43:10,470 DEBUG server_class data = 
2020-09-01 00:43:10,471 DEBUG server_class data = 
2020-09-01 00:43:10,972 DEBUG server_class data = 
2020-09-01 00:43:10,973 DEBUG server_class data = 
2020-09-01 00:43:11,474 DEBUG server_class data = 
2020-09-01 00:43:11,475 DEBUG server_class data = 
2020-09-01 00:43:11,976 DEBUG server_class data = 
2020-09-01 00:43:11,976 DEBUG server_class data = 
2020-09-01 00:43:12,477 DEBUG server_class data = 
2020-09-01 00:43:12,478 DEBUG server_class data = 
2020-09-01 00:43:12,979 DEBUG server_class data = 
2020-09-01 00:43:12,980 DEBUG server_class data = 
2020-09-01 00:43:13,481 DEBUG server_class data = 
2020-09-01 00:43:13,481 DEBUG server_class data = 
2020-09-01 00:43:13,982 DEBUG server_class data = 
2020-09-01 00:43:13,982 DEBUG server_class data = 
2020-09-01 00:43:14,483 DEBUG server_class data = 
2020-09-01 00:43:14,484 DEBUG server_class data = 
2020-09-01 00:43:14,985 DEBUG server_class data = 
2020-09-01 00:43:14,986 DEBUG server_class data = 
2020-09-01 00:43:15,487 DEBUG server_class data = 
2020-09-01 00:43:15,487 DEBUG server_class data = 
2020-09-01 00:43:15,988 DEBUG server_class data = 
2020-09-01 00:43:15,988 DEBUG server_class data = 
2020-09-01 00:43:16,489 DEBUG server_class data = 
2020-09-01 00:43:16,490 DEBUG server_class data = 
2020-09-01 00:43:16,991 DEBUG server_class data = 
2020-09-01 00:43:16,991 DEBUG server_class data = 
2020-09-01 00:43:17,492 DEBUG server_class data = 
2020-09-01 00:43:17,492 DEBUG server_class data = 
2020-09-01 00:43:17,993 DEBUG server_class data = 
2020-09-01 00:43:17,993 DEBUG server_class data = 
2020-09-01 00:43:18,494 DEBUG server_class data = 
2020-09-01 00:43:18,494 DEBUG server_class data = 
2020-09-01 00:43:18,995 DEBUG server_class data = 
2020-09-01 00:43:18,996 DEBUG server_class data = 
2020-09-01 00:43:19,497 DEBUG server_class data = 
2020-09-01 00:43:19,497 DEBUG server_class data = 
2020-09-01 00:43:19,998 DEBUG server_class data = 
2020-09-01 00:43:19,998 DEBUG server_class data = 
2020-09-01 00:43:20,499 DEBUG server_class data = 
2020-09-01 00:43:20,500 DEBUG server_class data = 
2020-09-01 00:43:21,001 DEBUG server_class data = 
2020-09-01 00:43:21,002 DEBUG server_class data = 
2020-09-01 00:43:21,503 DEBUG server_class data = 
2020-09-01 00:43:21,503 DEBUG server_class data = 
2020-09-01 00:43:22,004 DEBUG server_class data = 
2020-09-01 00:43:22,005 DEBUG server_class data = 
2020-09-01 00:43:22,466 DEBUG server_class data = 
2020-09-01 00:43:22,466 DEBUG server_class data = 
2020-09-01 00:55:47,899 INFO logger logging started
2020-09-01 00:56:38,579 INFO class_server Получен запрос на соединение с ('127.0.0.1', 58156)
2020-09-01 00:56:38,580 DEBUG class_server data = 
2020-09-01 00:56:38,580 INFO class_server Получен запрос на соединение с ('127.0.0.1', 58158)
2020-09-01 00:56:38,580 DEBUG class_server data = 
2020-09-01 00:56:39,081 DEBUG class_server data = 
2020-09-01 00:56:39,582 DEBUG class_server data = 
2020-09-01 00:56:40,083 DEBUG class_server data = 
2020-09-01 00:56:40,585 DEBUG class_server data = 
2020-09-01 00:56:41,086 DEBUG class_server data = 
2020-09-01 00:56:41,587 DEBUG class_server data = 
2020-09-01 00:56:42,088 DEBUG class_server data = 
2020-09-01 00:56:42,589 DEBUG class_server data = 
2020-09-01 00:56:43,090 DEBUG class_server data = 
2020-09-01 00:56:43,591 DEBUG class_server data = 
2020-09-01 00:56:44,092 DEBUG class_server data = 
2020-09-01 00:56:44,593 DEBUG class_server data = 
2020-09-01 00:56:45,094 DEBUG class_server data = 
2020-09-01 00:56:45,595 DEBUG class_server data = 
2020-09-01 00:56:46,096 DEBUG class_server data = 
2020-09-01 00:56:46,597 DEBUG class_server data = 
2020-09-01 00:56:47,098 DEBUG class_server data = 
2020-09-01 00:56:47,599 DEBUG class_server data = 
2020-09-01 00:56:48,100 DEBUG class_server data = 
2020-09-01 00:56:48,100 DEBUG class_server data = {"action": "message", "time": "Tue Sep  1 00:56:41 2020", "to": "all", "from_user": "alex", "message": "asdasdasdasdasd"}
2020-09-01 00:56:48,601 DEBUG class_server data = 
2020-09-01 00:58:10,580 INFO logger logging started
2020-09-01 00:59:01,256 INFO class_server Получен запрос на соединение с ('127.0.0.1', 58160)
2020-09-01 00:59:01,256 DEBUG class_server data = {"action": "message", "time": "Tue Sep  1 00:58:21 2020", "to": "all", "from_user": "alex", "message": "asdasdasd"}{"action": "message", "time": "Tue Sep  1 00:58:39 2020", "to": "all", "from_user": "alex", "message": "asdasdasdasdasd"}
2020-09-01 00:59:58,321 DEBUG class_server data = {"action": "message", "time": "Tue Sep  1 00:59:53 2020", "to": "all", "from_user": "alex", "message": "qweqweqwe"}
2020-09-01 01:00:17,846 DEBUG class_server data = 
2020-09-01 01:00:18,346 DEBUG class_server data = 
2020-09-01 01:00:18,847 DEBUG class_server data = 
2020-09-01 01:00:19,348 DEBUG class_server data = 
2020-09-01 01:00:19,849 DEBUG class_server data = 
2020-09-01 01:00:20,350 DEBUG class_server data = 
2020-09-01 01:00:20,851 DEBUG class_server data = 
2020-09-01 01:00:21,352 DEBUG class_server data = 
2020-09-01 01:00:21,852 DEBUG class_server data = 
2020-09-01 01:00:22,353 DEBUG class_server data = 
2020-09-01 01:00:22,854 DEBUG class_server data = 
2020-09-01 01:00:23,355 DEBUG class_server data = 
2020-09-01 01:00:23,856 DEBUG class_server data = 
2020-09-01 01:00:24,357 DEBUG class_server data = 
2020-09-01 01:00:24,858 DEBUG class_server data = 
2020-09-01 01:00:25,359 DEBUG class_server data = 
2020-09-01 01:00:25,860 DEBUG class_server data = 
2020-09-01 01:00:26,361 DEBUG class_server data = 
2020-09-01 01:00:26,862 DEBUG class_server data = 
2020-09-01 01:00:27,363 DEBUG class_server data = 
2020-09-01 01:00:27,864 DEBUG class_server data = 
2020-09-01 01:00:28,365 DEBUG class_server data = 
2020-09-01 01:00:28,866 DEBUG class_server data = 
2020-09-01 01:00:29,367 DEBUG class_server data = 
2020-09-01 01:00:29,868 DEBUG class_server data = 
2020-09-01 01:00:30,369 DEBUG class_server data = 
2020-09-01 01:00:30,870 DEBUG class_server data = 
2020-09-01 01:00:31,371 DEBUG class_server data = 
2020-09-01 01:00:31,872 DEBUG class_server data = 
2020-09-01 01:00:32,373 DEBUG class_server data = 
2020-09-01 01:00:32,874 DEBUG class_server data = 
2020-09-01 01:00:33,375 DEBUG class_server data = 
2020-09-01 01:00:33,875 DEBUG class_server data = 
2020-09-01 01:00:34,376 DEBUG class_server data = 
2020-09-01 01:00:34,877 DEBUG class_server data = 
2020-09-01 01:00:35,244 INFO class_server Получен запрос на соединение с ('127.0.0.1', 58176)
2020-09-01 01:00:35,244 DEBUG class_server data = 
2020-09-01 01:00:35,745 DEBUG class_server data = 
2020-09-01 01:00:36,246 DEBUG class_server data = 
2020-09-01 01:00:36,748 DEBUG class_server data = 
2020-09-01 01:00:37,249 DEBUG class_server data = 
2020-09-01 01:00:37,750 DEBUG class_server data = 
2020-09-01 01:00:38,251 DEBUG class_server data = 
2020-09-01 01:00:38,752 DEBUG class_server data = 
2020-09-01 01:00:39,253 DEBUG class_server data = 
2020-09-01 01:00:39,755 DEBUG class_server data = 
2020-09-01 01:00:40,256 DEBUG class_server data = 
2020-09-01 01:00:40,757 DEBUG class_server data = 
2020-09-01 01:00:41,258 DEBUG class_server data = 
2020-09-01 01:00:41,759 DEBUG class_server data = 
2020-09-01 01:00:42,260 DEBUG class_server data = 
2020-09-01 01:00:42,761 DEBUG class_server data = 
2020-09-01 01:00:43,262 DEBUG class_server data = 
2020-09-01 01:00:43,763 DEBUG class_server data = 
2020-09-01 01:00:43,764 DEBUG class_server data = {"action": "message", "time": "Tue Sep  1 01:00:38 2020", "to": "alex", "from_user": "alex", "message": "123123123123"}
2020-09-01 01:00:44,265 DEBUG class_server data = 
2020-09-01 01:04:33,015 INFO logger logging started
2020-09-01 01:05:23,696 INFO class_server Получен запрос на соединение с ('127.0.0.1', 58178)
2020-09-01 01:05:23,696 DEBUG class_server data = {"action": "message", "time": "Tue Sep  1 01:04:45 2020", "to": "alex", "from_user": "alex", "message": "123123"}
2020-09-01 01:12:11,670 DEBUG class_server data = 
2020-09-01 01:12:12,171 DEBUG class_server data = 
2020-09-01 01:12:12,360 DEBUG class_server data = 
2020-09-01 01:16:30,145 INFO logger logging started
2020-09-01 01:16:50,484 INFO class_server Получен запрос на соединение с ('127.0.0.1', 58234)
2020-09-01 01:16:50,485 DEBUG class_server data = {"action": "message", "time": "Tue Sep  1 01:16:40 2020", "to": "all", "from_user": "alex", "message": "qweqweqweqweqwe"}
2020-09-01 01:25:19,162 INFO logger logging started
2020-09-01 01:25:39,514 INFO class_server Получен запрос на соединение с ('127.0.0.1', 58252)
2020-09-01 01:25:39,515 DEBUG class_server data = {"action": "message", "time": "Tue Sep  1 01:25:26 2020", "to": "all", "from_user": "alex", "message": "asdasdasd"}
2020-09-01 01:25:41,318 DEBUG class_server data = {"action": "message", "time": "Tue Sep  1 01:25:35 2020", "to": "alex", "from_user": "alex", "message": "asdaasd"}
2020-09-01 01:25:52,737 DEBUG class_server data = {"action": "message", "time": "Tue Sep  1 01:25:45 2020", "to": "alex", "from_user": "alex", "message": "asdasdasdasdasdasdasdasd"}
2020-09-01 01:26:15,975 DEBUG class_server data = {"action": "message", "time": "Tue Sep  1 01:26:10 2020", "to": "all", "from_user": "alex", "message": "asdasdasdasdasdasd"}
2020-09-01 01:26:22,186 DEBUG class_server data = {"action": "message", "time": "Tue Sep  1 01:26:19 2020", "to": "all", "from_user": "alex", "message": "asdasd"}
2020-09-01 01:30:55,585 INFO logger logging started
2020-09-01 01:31:15,945 INFO class_server Получен запрос на соединение с ('127.0.0.1', 58284)
2020-09-01 01:31:15,946 DEBUG class_server data = {"action": "message", "time": "Tue Sep  1 01:31:01 2020", "to": "all", "from_user": "alex", "message": "123123123123123"}
2020-09-01 01:31:16,146 DEBUG class_server data = {"action": "message", "time": "Tue Sep  1 01:31:10 2020", "to": "alex", "from_user": "alex", "message": ""}
